Removed Member From Class: ClassName=Power_driver_power Member=C7
Removed Member From Class: ClassName=Power_driver_DAC_Connectors Member=C8
Removed Member From Class: ClassName=Power_driver_power Member=C8
Removed Member From Class: ClassName=Power_driver_power Member=C9
Removed Member From Class: ClassName=Power_driver_DAC_Connectors Member=C10
Removed Member From Class: ClassName=Power_driver_power Member=C10
Removed Member From Class: ClassName=Power_driver_DAC_Connectors Member=C12
Removed Member From Class: ClassName=Power_driver_power Member=C12
Removed Member From Class: ClassName=Power_driver_DAC_Connectors Member=C13
Removed Member From Class: ClassName=Power_driver_power Member=C13
Removed Member From Class: ClassName=Power_driver_DAC_Connectors Member=C14
Removed Member From Class: ClassName=Power_driver_power Member=C14
Removed Member From Class: ClassName=Power_driver_DAC_Connectors Member=C15
Removed Member From Class: ClassName=Power_driver_DAC_Connectors Member=C17
Removed Member From Class: ClassName=Power_driver_DAC_Connectors Member=C18
Removed Member From Class: ClassName=Power_driver_DAC_Connectors Member=C19
Change Component Designator: OldDesignator=R13 NewDesignator=R15
Change Component Designator: OldDesignator=R14 NewDesignator=R16
Change Component Designator: OldDesignator=R15 NewDesignator=R17
Change Component Designator: OldDesignator=R16 NewDesignator=R18
Change Component Designator: OldDesignator=R17 NewDesignator=R19
Change Component Designator: OldDesignator=R18 NewDesignator=R20
Change Component Designator: OldDesignator=R19 NewDesignator=R21
Change Component Designator: OldDesignator=R20 NewDesignator=R22
Change Component Designator: OldDesignator=R21 NewDesignator=R23
Change Component Designator: OldDesignator=R22 NewDesignator=R24
Change Component Designator: OldDesignator=R23 NewDesignator=R25
Change Component Designator: OldDesignator=R24 NewDesignator=R26
Change Component Designator: OldDesignator=R25 NewDesignator=R27
Change Component Designator: OldDesignator=R26 NewDesignator=R28
Change Component Designator: OldDesignator=R27 NewDesignator=R29
Change Component Designator: OldDesignator=R28 NewDesignator=R30
Change Component Designator: OldDesignator=R29 NewDesignator=R31
Change Component Designator: OldDesignator=R30 NewDesignator=R32
Change Component Designator: OldDesignator=R31 NewDesignator=R33
Change Component Designator: OldDesignator=R32 NewDesignator=R34
Added Component: Designator=R13(R0603_RESC1608X06N)
Add component. Clean all parameters for all variants
Add component (AddParameter): Name = "Designer"; Value = "Dudarev"; VariantName = "[No Variations]"
Add component (AddParameter): Name = "EOL"; Value = "NO"; VariantName = "[No Variations]"
Add component (AddParameter): Name = "HelpURL"; Value = "Z:\LIB\ALTIUM\INFO\Resistor\YAGEO\Lead free chip resistors RC_P.pdf"; VariantName = "[No Variations]"
Add component (AddParameter): Name = "Manufacturer"; Value = "YAGEO"; VariantName = "[No Variations]"
Add component (AddParameter): Name = "ModelIBIS"; Value = ""; VariantName = "[No Variations]"
Add component (AddParameter): Name = "ModelSPICE"; Value = ""; VariantName = "[No Variations]"
Add component (AddParameter): Name = "ModelSTEP"; Value = "Z:\LIB\ALTIUM\MODEL\STEP\Resistor\R0603_RESC1005X04.step"; VariantName = "[No Variations]"
Add component (AddParameter): Name = "Modify"; Value = "28.06.2016"; VariantName = "[No Variations]"
Add component (AddParameter): Name = "Mount"; Value = "SMT"; VariantName = "[No Variations]"
Add component (AddParameter): Name = "PartNumber"; Value = "RC0603FR-0710KL"; VariantName = "[No Variations]"
Add component (AddParameter): Name = "Staff"; Value = ""; VariantName = "[No Variations]"
Add component (AddParameter): Name = "ValueBOM"; Value = "10êÎì 1% 75Â 150ppm 0603"; VariantName = "[No Variations]"
Add component (AddParameter): Name = "ValueSCH"; Value = "10k 1%"; VariantName = "[No Variations]"
Added Component: Designator=R14(R0603_RESC1608X06N)
Add component. Clean all parameters for all variants
Add component (AddParameter): Name = "Designer"; Value = "Dudarev"; VariantName = "[No Variations]"
Add component (AddParameter): Name = "EOL"; Value = "NO"; VariantName = "[No Variations]"
Add component (AddParameter): Name = "HelpURL"; Value = "Z:\LIB\ALTIUM\INFO\Resistor\YAGEO\Lead free chip resistors RC_P.pdf"; VariantName = "[No Variations]"
Add component (AddParameter): Name = "Manufacturer"; Value = "YAGEO"; VariantName = "[No Variations]"
Add component (AddParameter): Name = "ModelIBIS"; Value = ""; VariantName = "[No Variations]"
Add component (AddParameter): Name = "ModelSPICE"; Value = ""; VariantName = "[No Variations]"
Add component (AddParameter): Name = "ModelSTEP"; Value = "Z:\LIB\ALTIUM\MODEL\STEP\Resistor\R0603_RESC1005X04.step"; VariantName = "[No Variations]"
Add component (AddParameter): Name = "Modify"; Value = "28.06.2016"; VariantName = "[No Variations]"
Add component (AddParameter): Name = "Mount"; Value = "SMT"; VariantName = "[No Variations]"
Add component (AddParameter): Name = "PartNumber"; Value = "RC0603FR-0710KL"; VariantName = "[No Variations]"
Add component (AddParameter): Name = "Staff"; Value = ""; VariantName = "[No Variations]"
Add component (AddParameter): Name = "ValueBOM"; Value = "10êÎì 1% 75Â 150ppm 0603"; VariantName = "[No Variations]"
Add component (AddParameter): Name = "ValueSCH"; Value = "10k 1%"; VariantName = "[No Variations]"
Added Pin To Net: NetName=GND Pin=R13-1
Added Pin To Net: NetName=NetDA2_1 Pin=R13-2
Added Pin To Net: NetName=GND Pin=R14-1
Added Pin To Net: NetName=NetDA2_5 Pin=R14-2
Change Net Name : Old Net Name=NetR15_1 New Net Name=NetR17_1
Change Net Name : Old Net Name=NetR15_2 New Net Name=NetR17_2
Change Net Name : Old Net Name=NetR16_1 New Net Name=NetR18_1
Change Net Name : Old Net Name=NetR17_1 New Net Name=NetR19_1
Change Net Name : Old Net Name=NetR18_1 New Net Name=NetR20_1
Change Net Name : Old Net Name=NetR19_2 New Net Name=NetR21_2
Added Member To Class: ClassName=Power_driver_power Member=Component C18 1u 50V
Added Member To Class: ClassName=Power_driver_power Member=Component C20 1u 50V
Added Member To Class: ClassName=Power_driver_power Member=Component C21 22u 20V
Added Member To Class: ClassName=Power_driver_power Member=Component C22 22u 20V
Added Member To Class: ClassName=Power_driver_power Member=Component C23 22u 20V
Added Member To Class: ClassName=Power_driver_power Member=Component C24 10u 16V
Added Member To Class: ClassName=Power_driver_power Member=Component C25 0,1u 50V
Added Member To Class: ClassName=Power_driver_power Member=Component C26 0,1u 50V
Added Member To Class: ClassName=Power_driver_power Member=Component C27 0,1u 50V
Added Member To Class: ClassName=Power_driver_power Member=Component C28 0,01u 100V
Added Member To Class: ClassName=Power_driver_power Member=Component C29 100u 20V
Added Member To Class: ClassName=Power_driver_power Member=Component C30 100 50V
Added Member To Class: ClassName=Power_driver_power Member=Component C31 1u 50V
Added Member To Class: ClassName=Power_driver_power Member=Component C32 1000 50V
Added Member To Class: ClassName=Power_driver_power Member=Component C33 22u 20V
Added Member To Class: ClassName=Power_driver_DAC_Connectors Member=Component C34 0,1u 50V
Added Member To Class: ClassName=Power_driver_DAC_Connectors Member=Component C35 0,1u 50V
Added Member To Class: ClassName=Power_driver_DAC_Connectors Member=Component C36 0,1u 50V
Added Member To Class: ClassName=Power_driver_DAC_Connectors Member=Component C37 0,1u 50V
Added Member To Class: ClassName=Power_driver_DAC_Connectors Member=Component C38 0,1u 50V
Added Member To Class: ClassName=Power_driver_DAC_Connectors Member=Component C39 0,1u 50V
Added Member To Class: ClassName=Power_driver_DAC_Connectors Member=Component C40 0,1u 50V
Added Member To Class: ClassName=Power_driver_DAC_Connectors Member=Component C41 0,1u 50V
Added Member To Class: ClassName=Power_driver_DAC_Connectors Member=Component C42 0,1u 50V
Added Member To Class: ClassName=Power_driver_DAC_Connectors Member=Component C43 0,1u 50V
Added Member To Class: ClassName=Power_driver_DAC_Connectors Member=Component C44 0,1u 50V
Added Member To Class: ClassName=Power_driver_AMP Member=Component R15 10k 1%
Added Member To Class: ClassName=Power_driver_AMP Member=Component R16 10k 1%
