Added Pin To Net: NetName=+3,3V Pin=C33-2
Added Pin To Net: NetName=+3,3V Pin=C38-2
Added Pin To Net: NetName=+3,3V Pin=C39-2
Added Pin To Net: NetName=+3,3V Pin=C40-2
Added Pin To Net: NetName=+3,3V Pin=C41-2
Added Pin To Net: NetName=+3,3V Pin=C42-2
Added Pin To Net: NetName=+3,3V Pin=C48-1
Added Pin To Net: NetName=+3,3V Pin=DA5-4
Added Pin To Net: NetName=+3,3V Pin=DD5-1
Added Pin To Net: NetName=+3,3V Pin=DD5-9
Added Pin To Net: NetName=+3,3V Pin=DD5-17
Added Pin To Net: NetName=+3,3V Pin=DD5-24
Added Pin To Net: NetName=+3,3V Pin=DD5-25
Added Pin To Net: NetName=+3,3V Pin=DD5-48
Added Pin To Net: NetName=+3,3V Pin=R44-1
Added Pin To Net: NetName=+3,3V Pin=R49-2
Added Pin To Net: NetName=+3,3V Pin=R51-2
Added Pin To Net: NetName=+3,3V Pin=X3-1
Added Pin To Net: NetName=+3,3V Pin=X4-3
Change Net Name : Old Net Name=+3,3V New Net Name=+3V3
