Change Component Footprint: Designator=X4 Old Footprint=87832-0820 New Footprint=53261-0871
Change Component Comment : Designator=X4 Old Comment=87832-0820 New Comment=53261-0871
Change component parameters: Designator = "X4"; Footprint = "53261-0871"; UniqueID = "\OUPEGTEJ"
Change component parameters. Clean all parameters for all variants
Change component parameters (AddParameter): Name = "Designer"; Value = "Martynov"; VariantName = "[No Variations]"
Change component parameters (AddParameter): Name = "EOL"; Value = "NO"; VariantName = "[No Variations]"
Change component parameters (AddParameter): Name = "HelpURL"; Value = "Z:\LIB\ALTIUM\INFO\Connector_PIN\53261-0xxx.pdf"; VariantName = "[No Variations]"
Change component parameters (AddParameter): Name = "Manufacturer"; Value = "Molex"; VariantName = "[No Variations]"
Change component parameters (AddParameter): Name = "ModelIBIS"; Value = ""; VariantName = "[No Variations]"
Change component parameters (AddParameter): Name = "ModelSPICE"; Value = ""; VariantName = "[No Variations]"
Change component parameters (AddParameter): Name = "ModelSTEP"; Value = "Z:\LIB\ALTIUM\MODEL\STEP\Connector_PIN\532610871.step"; VariantName = "[No Variations]"
Change component parameters (AddParameter): Name = "Modify"; Value = "10.04.2017"; VariantName = "[No Variations]"
Change component parameters (AddParameter): Name = "Mount"; Value = "SMT"; VariantName = "[No Variations]"
Change component parameters (AddParameter): Name = "PartNumber"; Value = "53261-0871"; VariantName = "[No Variations]"
Change component parameters (AddParameter): Name = "Staff"; Value = ""; VariantName = "[No Variations]"
Change component parameters (AddParameter): Name = "ValueBOM"; Value = "53261-0871"; VariantName = "[No Variations]"
Change component parameters (AddParameter): Name = "ValueSCH"; Value = "53261-0871"; VariantName = "[No Variations]"
Added Component: Designator=C43(C0603_CAPC1608X09N)
Add component. Clean all parameters for all variants
Add component (AddParameter): Name = "Designer"; Value = "Dudarev"; VariantName = "[No Variations]"
Add component (AddParameter): Name = "EOL"; Value = "NO"; VariantName = "[No Variations]"
Add component (AddParameter): Name = "HelpURL"; Value = "Z:\LIB\ALTIUM\INFO\Capacitor\UPY-GPHC_X7R_6.3V-to-50V_13.pdf"; VariantName = "[No Variations]"
Add component (AddParameter): Name = "Manufacturer"; Value = "YAGEO"; VariantName = "[No Variations]"
Add component (AddParameter): Name = "ModelIBIS"; Value = ""; VariantName = "[No Variations]"
Add component (AddParameter): Name = "ModelSPICE"; Value = ""; VariantName = "[No Variations]"
Add component (AddParameter): Name = "ModelSTEP"; Value = "Z:\LIB\ALTIUM\MODEL\STEP\Capacitor\C0603_CAPC1608X09.Step"; VariantName = "[No Variations]"
Add component (AddParameter): Name = "Modify"; Value = "28.06.2016"; VariantName = "[No Variations]"
Add component (AddParameter): Name = "Mount"; Value = "SMT"; VariantName = "[No Variations]"
Add component (AddParameter): Name = "PartNumber"; Value = "CC0603KRX7R9BB103"; VariantName = "[No Variations]"
Add component (AddParameter): Name = "Staff"; Value = ""; VariantName = "[No Variations]"
Add component (AddParameter): Name = "ValueBOM"; Value = "0,01ìêÔ ±10% 50Â X7R 0603"; VariantName = "[No Variations]"
Add component (AddParameter): Name = "ValueSCH"; Value = "0,01u 50V"; VariantName = "[No Variations]"
Added Component: Designator=C44(C0603_CAPC1608X09N)
Add component. Clean all parameters for all variants
Add component (AddParameter): Name = "Designer"; Value = "Dudarev"; VariantName = "[No Variations]"
Add component (AddParameter): Name = "EOL"; Value = "NO"; VariantName = "[No Variations]"
Add component (AddParameter): Name = "HelpURL"; Value = "Z:\LIB\ALTIUM\INFO\Capacitor\UPY-GPHC_X7R_6.3V-to-50V_13.pdf"; VariantName = "[No Variations]"
Add component (AddParameter): Name = "Manufacturer"; Value = "YAGEO"; VariantName = "[No Variations]"
Add component (AddParameter): Name = "ModelIBIS"; Value = ""; VariantName = "[No Variations]"
Add component (AddParameter): Name = "ModelSPICE"; Value = ""; VariantName = "[No Variations]"
Add component (AddParameter): Name = "ModelSTEP"; Value = "Z:\LIB\ALTIUM\MODEL\STEP\Capacitor\C0603_CAPC1608X09.Step"; VariantName = "[No Variations]"
Add component (AddParameter): Name = "Modify"; Value = "28.06.2016"; VariantName = "[No Variations]"
Add component (AddParameter): Name = "Mount"; Value = "SMT"; VariantName = "[No Variations]"
Add component (AddParameter): Name = "PartNumber"; Value = "CC0603KRX7R9BB103"; VariantName = "[No Variations]"
Add component (AddParameter): Name = "Staff"; Value = ""; VariantName = "[No Variations]"
Add component (AddParameter): Name = "ValueBOM"; Value = "0,01ìêÔ ±10% 50Â X7R 0603"; VariantName = "[No Variations]"
Add component (AddParameter): Name = "ValueSCH"; Value = "0,01u 50V"; VariantName = "[No Variations]"
Added Component: Designator=DA5(SSOP28_SOP65P780X200-28L)
Add component. Clean all parameters for all variants
Added Component: Designator=L8(I0805_INDC2012X11N)
Add component. Clean all parameters for all variants
Add component (AddParameter): Name = "Designer"; Value = "Pashinskiy"; VariantName = "[No Variations]"
Add component (AddParameter): Name = "EOL"; Value = "NO"; VariantName = "[No Variations]"
Add component (AddParameter): Name = "HelpURL"; Value = "Z:\LIB\ALTIUM\INFO\Inductor\Chip%20Ferrite%20Bead%20BLM21P%200805.pdf"; VariantName = "[No Variations]"
Add component (AddParameter): Name = "Manufacturer"; Value = "Murata Electronics"; VariantName = "[No Variations]"
Add component (AddParameter): Name = "ModelIBIS"; Value = ""; VariantName = "[No Variations]"
Add component (AddParameter): Name = "ModelSPICE"; Value = ""; VariantName = "[No Variations]"
Add component (AddParameter): Name = "ModelSTEP"; Value = "Z:\LIB\ALTIUM\MODEL\STEP\Inductor\I0805_INDC2012X11.Step"; VariantName = "[No Variations]"
Add component (AddParameter): Name = "Modify"; Value = "16.08.2016"; VariantName = "[No Variations]"
Add component (AddParameter): Name = "Mount"; Value = "SMT"; VariantName = "[No Variations]"
Add component (AddParameter): Name = "PartNumber"; Value = "BLM21PG221SN1D"; VariantName = "[No Variations]"
Add component (AddParameter): Name = "Staff"; Value = ""; VariantName = "[No Variations]"
Add component (AddParameter): Name = "ValueBOM"; Value = "BLM21PG221SN1D"; VariantName = "[No Variations]"
Add component (AddParameter): Name = "ValueSCH"; Value = "220 2A"; VariantName = "[No Variations]"
Added Component: Designator=R48(R0603_RESC1608X06N)
Add component. Clean all parameters for all variants
Add component (AddParameter): Name = "Designer"; Value = "Dudarev"; VariantName = "[No Variations]"
Add component (AddParameter): Name = "EOL"; Value = "NO"; VariantName = "[No Variations]"
Add component (AddParameter): Name = "HelpURL"; Value = "Z:\LIB\ALTIUM\INFO\Resistor\YAGEO\Lead free chip resistors RC_P.pdf"; VariantName = "[No Variations]"
Add component (AddParameter): Name = "Manufacturer"; Value = "YAGEO"; VariantName = "[No Variations]"
Add component (AddParameter): Name = "ModelIBIS"; Value = ""; VariantName = "[No Variations]"
Add component (AddParameter): Name = "ModelSPICE"; Value = ""; VariantName = "[No Variations]"
Add component (AddParameter): Name = "ModelSTEP"; Value = "Z:\LIB\ALTIUM\MODEL\STEP\Resistor\R0603_RESC1005X04.step"; VariantName = "[No Variations]"
Add component (AddParameter): Name = "Modify"; Value = "28.06.2016"; VariantName = "[No Variations]"
Add component (AddParameter): Name = "Mount"; Value = "SMT"; VariantName = "[No Variations]"
Add component (AddParameter): Name = "PartNumber"; Value = "RC0603JR-0727RL"; VariantName = "[No Variations]"
Add component (AddParameter): Name = "Staff"; Value = ""; VariantName = "[No Variations]"
Add component (AddParameter): Name = "ValueBOM"; Value = "27Îì 5% 75Â 200ppm 0603"; VariantName = "[No Variations]"
Add component (AddParameter): Name = "ValueSCH"; Value = "27 5%"; VariantName = "[No Variations]"
Added Component: Designator=R49(R0603_RESC1608X06N)
Add component. Clean all parameters for all variants
Add component (AddParameter): Name = "Designer"; Value = "Dudarev"; VariantName = "[No Variations]"
Add component (AddParameter): Name = "EOL"; Value = "NO"; VariantName = "[No Variations]"
Add component (AddParameter): Name = "HelpURL"; Value = "Z:\LIB\ALTIUM\INFO\Resistor\YAGEO\Lead free chip resistors RC_P.pdf"; VariantName = "[No Variations]"
Add component (AddParameter): Name = "Manufacturer"; Value = "YAGEO"; VariantName = "[No Variations]"
Add component (AddParameter): Name = "ModelIBIS"; Value = ""; VariantName = "[No Variations]"
Add component (AddParameter): Name = "ModelSPICE"; Value = ""; VariantName = "[No Variations]"
Add component (AddParameter): Name = "ModelSTEP"; Value = "Z:\LIB\ALTIUM\MODEL\STEP\Resistor\R0603_RESC1005X04.step"; VariantName = "[No Variations]"
Add component (AddParameter): Name = "Modify"; Value = "28.06.2016"; VariantName = "[No Variations]"
Add component (AddParameter): Name = "Mount"; Value = "SMT"; VariantName = "[No Variations]"
Add component (AddParameter): Name = "PartNumber"; Value = "RC0603JR-0727RL"; VariantName = "[No Variations]"
Add component (AddParameter): Name = "Staff"; Value = ""; VariantName = "[No Variations]"
Add component (AddParameter): Name = "ValueBOM"; Value = "27Îì 5% 75Â 200ppm 0603"; VariantName = "[No Variations]"
Add component (AddParameter): Name = "ValueSCH"; Value = "27 5%"; VariantName = "[No Variations]"
Added Component: Designator=R50(R0603_RESC1608X06N)
Add component. Clean all parameters for all variants
Add component (AddParameter): Name = "Designer"; Value = "Dudarev"; VariantName = "[No Variations]"
Add component (AddParameter): Name = "EOL"; Value = "NO"; VariantName = "[No Variations]"
Add component (AddParameter): Name = "HelpURL"; Value = "Z:\LIB\ALTIUM\INFO\Resistor\YAGEO\Lead free chip resistors RC_P.pdf"; VariantName = "[No Variations]"
Add component (AddParameter): Name = "Manufacturer"; Value = "YAGEO"; VariantName = "[No Variations]"
Add component (AddParameter): Name = "ModelIBIS"; Value = ""; VariantName = "[No Variations]"
Add component (AddParameter): Name = "ModelSPICE"; Value = ""; VariantName = "[No Variations]"
Add component (AddParameter): Name = "ModelSTEP"; Value = "Z:\LIB\ALTIUM\MODEL\STEP\Resistor\R0603_RESC1005X04.step"; VariantName = "[No Variations]"
Add component (AddParameter): Name = "Modify"; Value = "28.06.2016"; VariantName = "[No Variations]"
Add component (AddParameter): Name = "Mount"; Value = "SMT"; VariantName = "[No Variations]"
Add component (AddParameter): Name = "PartNumber"; Value = "RC0603JR-0710KL"; VariantName = "[No Variations]"
Add component (AddParameter): Name = "Staff"; Value = ""; VariantName = "[No Variations]"
Add component (AddParameter): Name = "ValueBOM"; Value = "10êÎì 5% 75Â 150ppm 0603"; VariantName = "[No Variations]"
Add component (AddParameter): Name = "ValueSCH"; Value = "10k 5%"; VariantName = "[No Variations]"
Added Component: Designator=R51(R0603_RESC1608X06N)
Add component. Clean all parameters for all variants
Add component (AddParameter): Name = "Designer"; Value = "Dudarev"; VariantName = "[No Variations]"
Add component (AddParameter): Name = "EOL"; Value = "NO"; VariantName = "[No Variations]"
Add component (AddParameter): Name = "HelpURL"; Value = "Z:\LIB\ALTIUM\INFO\Resistor\YAGEO\Lead free chip resistors RC_P.pdf"; VariantName = "[No Variations]"
Add component (AddParameter): Name = "Manufacturer"; Value = "YAGEO"; VariantName = "[No Variations]"
Add component (AddParameter): Name = "ModelIBIS"; Value = ""; VariantName = "[No Variations]"
Add component (AddParameter): Name = "ModelSPICE"; Value = ""; VariantName = "[No Variations]"
Add component (AddParameter): Name = "ModelSTEP"; Value = "Z:\LIB\ALTIUM\MODEL\STEP\Resistor\R0603_RESC1005X04.step"; VariantName = "[No Variations]"
Add component (AddParameter): Name = "Modify"; Value = "28.06.2016"; VariantName = "[No Variations]"
Add component (AddParameter): Name = "Mount"; Value = "SMT"; VariantName = "[No Variations]"
Add component (AddParameter): Name = "PartNumber"; Value = "RC0603JR-070RL"; VariantName = "[No Variations]"
Add component (AddParameter): Name = "Staff"; Value = "DNP"; VariantName = "[No Variations]"
Add component (AddParameter): Name = "ValueBOM"; Value = "0Îì 5% 75Â 300ppm 0603"; VariantName = "[No Variations]"
Add component (AddParameter): Name = "ValueSCH"; Value = "0 5%"; VariantName = "[No Variations]"
Added Component: Designator=R52(R0603_RESC1608X06N)
Add component. Clean all parameters for all variants
Add component (AddParameter): Name = "Designer"; Value = "Dudarev"; VariantName = "[No Variations]"
Add component (AddParameter): Name = "EOL"; Value = "NO"; VariantName = "[No Variations]"
Add component (AddParameter): Name = "HelpURL"; Value = "Z:\LIB\ALTIUM\INFO\Resistor\YAGEO\Lead free chip resistors RC_P.pdf"; VariantName = "[No Variations]"
Add component (AddParameter): Name = "Manufacturer"; Value = "YAGEO"; VariantName = "[No Variations]"
Add component (AddParameter): Name = "ModelIBIS"; Value = ""; VariantName = "[No Variations]"
Add component (AddParameter): Name = "ModelSPICE"; Value = ""; VariantName = "[No Variations]"
Add component (AddParameter): Name = "ModelSTEP"; Value = "Z:\LIB\ALTIUM\MODEL\STEP\Resistor\R0603_RESC1005X04.step"; VariantName = "[No Variations]"
Add component (AddParameter): Name = "Modify"; Value = "28.06.2016"; VariantName = "[No Variations]"
Add component (AddParameter): Name = "Mount"; Value = "SMT"; VariantName = "[No Variations]"
Add component (AddParameter): Name = "PartNumber"; Value = "RC0603JR-070RL"; VariantName = "[No Variations]"
Add component (AddParameter): Name = "Staff"; Value = "DNP"; VariantName = "[No Variations]"
Add component (AddParameter): Name = "ValueBOM"; Value = "0Îì 5% 75Â 300ppm 0603"; VariantName = "[No Variations]"
Add component (AddParameter): Name = "ValueSCH"; Value = "0 5%"; VariantName = "[No Variations]"
Added Component: Designator=R53(R0603_RESC1608X06N)
Add component. Clean all parameters for all variants
Add component (AddParameter): Name = "Designer"; Value = "Dudarev"; VariantName = "[No Variations]"
Add component (AddParameter): Name = "EOL"; Value = "NO"; VariantName = "[No Variations]"
Add component (AddParameter): Name = "HelpURL"; Value = "Z:\LIB\ALTIUM\INFO\Resistor\YAGEO\Lead free chip resistors RC_P.pdf"; VariantName = "[No Variations]"
Add component (AddParameter): Name = "Manufacturer"; Value = "YAGEO"; VariantName = "[No Variations]"
Add component (AddParameter): Name = "ModelIBIS"; Value = ""; VariantName = "[No Variations]"
Add component (AddParameter): Name = "ModelSPICE"; Value = ""; VariantName = "[No Variations]"
Add component (AddParameter): Name = "ModelSTEP"; Value = "Z:\LIB\ALTIUM\MODEL\STEP\Resistor\R0603_RESC1005X04.step"; VariantName = "[No Variations]"
Add component (AddParameter): Name = "Modify"; Value = "28.06.2016"; VariantName = "[No Variations]"
Add component (AddParameter): Name = "Mount"; Value = "SMT"; VariantName = "[No Variations]"
Add component (AddParameter): Name = "PartNumber"; Value = "RC0603JR-074K7L"; VariantName = "[No Variations]"
Add component (AddParameter): Name = "Staff"; Value = "DNP"; VariantName = "[No Variations]"
Add component (AddParameter): Name = "ValueBOM"; Value = "4,7êÎì 5% 75Â 150ppm 0603"; VariantName = "[No Variations]"
Add component (AddParameter): Name = "ValueSCH"; Value = "4,7k 5%"; VariantName = "[No Variations]"
Added Component: Designator=R54(R0603_RESC1608X06N)
Add component. Clean all parameters for all variants
Add component (AddParameter): Name = "Designer"; Value = "Dudarev"; VariantName = "[No Variations]"
Add component (AddParameter): Name = "EOL"; Value = "NO"; VariantName = "[No Variations]"
Add component (AddParameter): Name = "HelpURL"; Value = "Z:\LIB\ALTIUM\INFO\Resistor\YAGEO\Lead free chip resistors RC_P.pdf"; VariantName = "[No Variations]"
Add component (AddParameter): Name = "Manufacturer"; Value = "YAGEO"; VariantName = "[No Variations]"
Add component (AddParameter): Name = "ModelIBIS"; Value = ""; VariantName = "[No Variations]"
Add component (AddParameter): Name = "ModelSPICE"; Value = ""; VariantName = "[No Variations]"
Add component (AddParameter): Name = "ModelSTEP"; Value = "Z:\LIB\ALTIUM\MODEL\STEP\Resistor\R0603_RESC1005X04.step"; VariantName = "[No Variations]"
Add component (AddParameter): Name = "Modify"; Value = "28.06.2016"; VariantName = "[No Variations]"
Add component (AddParameter): Name = "Mount"; Value = "SMT"; VariantName = "[No Variations]"
Add component (AddParameter): Name = "PartNumber"; Value = "RC0603JR-0710KL"; VariantName = "[No Variations]"
Add component (AddParameter): Name = "Staff"; Value = ""; VariantName = "[No Variations]"
Add component (AddParameter): Name = "ValueBOM"; Value = "10êÎì 5% 75Â 150ppm 0603"; VariantName = "[No Variations]"
Add component (AddParameter): Name = "ValueSCH"; Value = "10k 5%"; VariantName = "[No Variations]"
Added Component: Designator=XS3(WE_65100516121)
Add component. Clean all parameters for all variants
Add component (AddParameter): Name = "Designer"; Value = "Dudarev"; VariantName = "[No Variations]"
Add component (AddParameter): Name = "EOL"; Value = "NO"; VariantName = "[No Variations]"
Add component (AddParameter): Name = "HelpURL"; Value = "Z:\LIB\ALTIUM\INFO\Connector_IO\65100516121.pdf"; VariantName = "[No Variations]"
Add component (AddParameter): Name = "Manufacturer"; Value = "Wurth Elektronik"; VariantName = "[No Variations]"
Add component (AddParameter): Name = "ModelIBIS"; Value = ""; VariantName = "[No Variations]"
Add component (AddParameter): Name = "ModelSPICE"; Value = ""; VariantName = "[No Variations]"
Add component (AddParameter): Name = "ModelSTEP"; Value = "Z:\LIB\ALTIUM\MODEL\STEP\Connector_IO\STEP-65100516121-rev1.stp"; VariantName = "[No Variations]"
Add component (AddParameter): Name = "Modify"; Value = "08.02.2017"; VariantName = "[No Variations]"
Add component (AddParameter): Name = "Mount"; Value = "SMT"; VariantName = "[No Variations]"
Add component (AddParameter): Name = "PartNumber"; Value = "65100516121"; VariantName = "[No Variations]"
Add component (AddParameter): Name = "Staff"; Value = ""; VariantName = "[No Variations]"
Add component (AddParameter): Name = "ValueBOM"; Value = "65100516121"; VariantName = "[No Variations]"
Add component (AddParameter): Name = "ValueSCH"; Value = "65100516121"; VariantName = "[No Variations]"
Added Pin To Net: NetName=GND Pin=C43-2
Added Pin To Net: NetName=GND Pin=C44-1
Added Pin To Net: NetName=GND Pin=DA5-7
Added Pin To Net: NetName=GND Pin=DA5-18
Added Pin To Net: NetName=GND Pin=DA5-21
Added Pin To Net: NetName=GND Pin=DA5-25
Added Pin To Net: NetName=GND Pin=DA5-26
Added Pin To Net: NetName=+5V Pin=R52-2
Added Pin To Net: NetName=GND Pin=R54-1
Added Pin To Net: NetName=GND Pin=X4-9
Added Pin To Net: NetName=GND Pin=X4-10
Added Pin To Net: NetName=GND Pin=XS3-5
Added Pin To Net: NetName=GND Pin=XS3-6
Added Pin To Net: NetName=GND Pin=XS3-7
Added Pin To Net: NetName=GND Pin=XS3-8
Added Pin To Net: NetName=GND Pin=XS3-9
Added Pin To Net: NetName=GND Pin=XS3-10
Added Pin To Net: NetName=GND Pin=XS3-11
Added Pin To Net: NetName=NetC43_1 Pin=C43-1
Added Pin To Net: NetName=NetC43_1 Pin=DA5-20
Added Pin To Net: NetName=NetC43_1 Pin=R51-1
Added Pin To Net: NetName=NetC43_1 Pin=R52-1
Added Net: Name=NetC43_1
Added Pin To Net: NetName=NetDA5_14 Pin=DA5-14
Added Pin To Net: NetName=NetDA5_14 Pin=R50-1
Added Net: Name=NetDA5_14
Added Pin To Net: NetName=NetDA5_19 Pin=DA5-19
Added Pin To Net: NetName=NetDA5_19 Pin=R53-2
Added Pin To Net: NetName=NetDA5_19 Pin=R54-2
Added Net: Name=NetDA5_19
Added Pin To Net: NetName=NetL8_2 Pin=L8-2
Added Pin To Net: NetName=NetL8_2 Pin=XS3-1
Added Net: Name=NetL8_2
Added Pin To Net: NetName=NetR48_2 Pin=R48-2
Added Pin To Net: NetName=NetR48_2 Pin=XS3-2
Added Net: Name=NetR48_2
Added Pin To Net: NetName=NetR49_2 Pin=R49-2
Added Pin To Net: NetName=NetR49_2 Pin=XS3-3
Added Net: Name=NetR49_2
Added Pin To Net: NetName=UART_RX Pin=DA5-5
Added Net: Name=UART_RX
Added Pin To Net: NetName=UART_TX Pin=DA5-1
Added Net: Name=UART_TX
Added Pin To Net: NetName=UARTPWR Pin=C44-2
Added Pin To Net: NetName=UARTPWR Pin=DA5-4
Added Pin To Net: NetName=UARTPWR Pin=DA5-17
Added Pin To Net: NetName=UARTPWR Pin=R50-2
Added Net: Name=UARTPWR
Added Pin To Net: NetName=USBDM Pin=DA5-16
Added Pin To Net: NetName=USBDM Pin=R48-1
Added Net: Name=USBDM
Added Pin To Net: NetName=USBDP Pin=DA5-15
Added Pin To Net: NetName=USBDP Pin=R49-1
Added Net: Name=USBDP
Added Pin To Net: NetName=USBPWR Pin=L8-1
Added Pin To Net: NetName=USBPWR Pin=R51-2
Added Pin To Net: NetName=USBPWR Pin=R53-1
Added Net: Name=USBPWR
Added Member To Class: ClassName=Power_driver_MCU Member=Component C43 0,01u 50V
Added Member To Class: ClassName=Power_driver_MCU Member=Component C44 0,01u 50V
Added Member To Class: ClassName=Power_driver_MCU Member=Component DA5 =ValueSCH
Added Member To Class: ClassName=Power_driver_DAC_Connectors Member=Component L8 220 2A
Added Member To Class: ClassName=Power_driver_DAC_Connectors Member=Component R48 27 5%
Added Member To Class: ClassName=Power_driver_DAC_Connectors Member=Component R49 27 5%
Added Member To Class: ClassName=Power_driver_MCU Member=Component R50 10k 5%
Added Member To Class: ClassName=Power_driver_MCU Member=Component R51 0 5%
Added Member To Class: ClassName=Power_driver_MCU Member=Component R52 0 5%
Added Member To Class: ClassName=Power_driver_MCU Member=Component R53 4,7k 5%
Added Member To Class: ClassName=Power_driver_MCU Member=Component R54 10k 5%
Added Member To Class: ClassName=Power_driver_DAC_Connectors Member=Component XS3 65100516121
Added Room: Name=Power_driver_AMP
Added Room: Name=Power_driver_DAC_Connectors
Added Room: Name=Power_driver_MCU
Added Room: Name=Power_driver_power
