Added Component: Designator=C45(C0805_CAPC2012X13N)
Add component. Clean all parameters for all variants
Add component (AddParameter): Name = "Designer"; Value = "Dudarev"; VariantName = "[No Variations]"
Add component (AddParameter): Name = "EOL"; Value = "NO"; VariantName = "[No Variations]"
Add component (AddParameter): Name = "HelpURL"; Value = "Z:\LIB\ALTIUM\INFO\Capacitor\UPY-GPHC_X7R_6.3V-to-50V_13.pdf"; VariantName = "[No Variations]"
Add component (AddParameter): Name = "Manufacturer"; Value = "YAGEO"; VariantName = "[No Variations]"
Add component (AddParameter): Name = "ModelIBIS"; Value = ""; VariantName = "[No Variations]"
Add component (AddParameter): Name = "ModelSPICE"; Value = ""; VariantName = "[No Variations]"
Add component (AddParameter): Name = "ModelSTEP"; Value = "Z:\LIB\ALTIUM\MODEL\STEP\Capacitor\C0805_CAPC2012X13.Step"; VariantName = "[No Variations]"
Add component (AddParameter): Name = "Modify"; Value = "28.06.2016"; VariantName = "[No Variations]"
Add component (AddParameter): Name = "Mount"; Value = "SMT"; VariantName = "[No Variations]"
Add component (AddParameter): Name = "PartNumber"; Value = "CC0805KRX7R7BB475"; VariantName = "[No Variations]"
Add component (AddParameter): Name = "Staff"; Value = ""; VariantName = "[No Variations]"
Add component (AddParameter): Name = "ValueBOM"; Value = "4,7ìêÔ ±10% 16Â X7R 0805"; VariantName = "[No Variations]"
Add component (AddParameter): Name = "ValueSCH"; Value = "4,7u 16V"; VariantName = "[No Variations]"
Added Component: Designator=R55(R0603_RESC1608X06N)
Add component. Clean all parameters for all variants
Add component (AddParameter): Name = "Designer"; Value = "Dudarev"; VariantName = "[No Variations]"
Add component (AddParameter): Name = "EOL"; Value = "NO"; VariantName = "[No Variations]"
Add component (AddParameter): Name = "HelpURL"; Value = "Z:\LIB\ALTIUM\INFO\Resistor\YAGEO\Lead free chip resistors RC_P.pdf"; VariantName = "[No Variations]"
Add component (AddParameter): Name = "Manufacturer"; Value = "YAGEO"; VariantName = "[No Variations]"
Add component (AddParameter): Name = "ModelIBIS"; Value = ""; VariantName = "[No Variations]"
Add component (AddParameter): Name = "ModelSPICE"; Value = ""; VariantName = "[No Variations]"
Add component (AddParameter): Name = "ModelSTEP"; Value = "Z:\LIB\ALTIUM\MODEL\STEP\Resistor\R0603_RESC1005X04.step"; VariantName = "[No Variations]"
Add component (AddParameter): Name = "Modify"; Value = "28.06.2016"; VariantName = "[No Variations]"
Add component (AddParameter): Name = "Mount"; Value = "SMT"; VariantName = "[No Variations]"
Add component (AddParameter): Name = "PartNumber"; Value = "RC0603JR-07100RL"; VariantName = "[No Variations]"
Add component (AddParameter): Name = "Staff"; Value = "DNP"; VariantName = "[No Variations]"
Add component (AddParameter): Name = "ValueBOM"; Value = "100Îì 5% 75Â 200ppm 0603"; VariantName = "[No Variations]"
Add component (AddParameter): Name = "ValueSCH"; Value = "100 5%"; VariantName = "[No Variations]"
Added Component: Designator=R56(R0603_RESC1608X06N)
Add component. Clean all parameters for all variants
Add component (AddParameter): Name = "Designer"; Value = "Dudarev"; VariantName = "[No Variations]"
Add component (AddParameter): Name = "EOL"; Value = "NO"; VariantName = "[No Variations]"
Add component (AddParameter): Name = "HelpURL"; Value = "Z:\LIB\ALTIUM\INFO\Resistor\YAGEO\Lead free chip resistors RC_P.pdf"; VariantName = "[No Variations]"
Add component (AddParameter): Name = "Manufacturer"; Value = "YAGEO"; VariantName = "[No Variations]"
Add component (AddParameter): Name = "ModelIBIS"; Value = ""; VariantName = "[No Variations]"
Add component (AddParameter): Name = "ModelSPICE"; Value = ""; VariantName = "[No Variations]"
Add component (AddParameter): Name = "ModelSTEP"; Value = "Z:\LIB\ALTIUM\MODEL\STEP\Resistor\R0603_RESC1005X04.step"; VariantName = "[No Variations]"
Add component (AddParameter): Name = "Modify"; Value = "28.06.2016"; VariantName = "[No Variations]"
Add component (AddParameter): Name = "Mount"; Value = "SMT"; VariantName = "[No Variations]"
Add component (AddParameter): Name = "PartNumber"; Value = "RC0603JR-07270RL"; VariantName = "[No Variations]"
Add component (AddParameter): Name = "Staff"; Value = ""; VariantName = "[No Variations]"
Add component (AddParameter): Name = "ValueBOM"; Value = "270Îì 5% 75Â 150ppm 0603"; VariantName = "[No Variations]"
Add component (AddParameter): Name = "ValueSCH"; Value = "270 5%"; VariantName = "[No Variations]"
Added Component: Designator=R57(R0603_RESC1608X06N)
Add component. Clean all parameters for all variants
Add component (AddParameter): Name = "Designer"; Value = "Dudarev"; VariantName = "[No Variations]"
Add component (AddParameter): Name = "EOL"; Value = "NO"; VariantName = "[No Variations]"
Add component (AddParameter): Name = "HelpURL"; Value = "Z:\LIB\ALTIUM\INFO\Resistor\YAGEO\Lead free chip resistors RC_P.pdf"; VariantName = "[No Variations]"
Add component (AddParameter): Name = "Manufacturer"; Value = "YAGEO"; VariantName = "[No Variations]"
Add component (AddParameter): Name = "ModelIBIS"; Value = ""; VariantName = "[No Variations]"
Add component (AddParameter): Name = "ModelSPICE"; Value = ""; VariantName = "[No Variations]"
Add component (AddParameter): Name = "ModelSTEP"; Value = "Z:\LIB\ALTIUM\MODEL\STEP\Resistor\R0603_RESC1005X04.step"; VariantName = "[No Variations]"
Add component (AddParameter): Name = "Modify"; Value = "28.06.2016"; VariantName = "[No Variations]"
Add component (AddParameter): Name = "Mount"; Value = "SMT"; VariantName = "[No Variations]"
Add component (AddParameter): Name = "PartNumber"; Value = "RC0603JR-07270RL"; VariantName = "[No Variations]"
Add component (AddParameter): Name = "Staff"; Value = ""; VariantName = "[No Variations]"
Add component (AddParameter): Name = "ValueBOM"; Value = "270Îì 5% 75Â 150ppm 0603"; VariantName = "[No Variations]"
Add component (AddParameter): Name = "ValueSCH"; Value = "270 5%"; VariantName = "[No Variations]"
Added Component: Designator=VD13(LED_0603)
Add component. Clean all parameters for all variants
Add component (AddParameter): Name = "Designer"; Value = "Losev"; VariantName = "[No Variations]"
Add component (AddParameter): Name = "EOL"; Value = "NO"; VariantName = "[No Variations]"
Add component (AddParameter): Name = "HelpURL"; Value = "Z:\LIB\ALTIUM\INFO\LED\vlmo1300-241412.pdf"; VariantName = "[No Variations]"
Add component (AddParameter): Name = "Manufacturer"; Value = "Vishay Semiconductors"; VariantName = "[No Variations]"
Add component (AddParameter): Name = "ModelIBIS"; Value = ""; VariantName = "[No Variations]"
Add component (AddParameter): Name = "ModelSPICE"; Value = ""; VariantName = "[No Variations]"
Add component (AddParameter): Name = "ModelSTEP"; Value = "Z:\LIB\ALTIUM\MODEL\STEP\LED\User Library-LED_0603_Y.STEP"; VariantName = "[No Variations]"
Add component (AddParameter): Name = "Modify"; Value = "11.11.2016"; VariantName = "[No Variations]"
Add component (AddParameter): Name = "Mount"; Value = "SMT"; VariantName = "[No Variations]"
Add component (AddParameter): Name = "PartNumber"; Value = "VLMY1300-GS08"; VariantName = "[No Variations]"
Add component (AddParameter): Name = "Staff"; Value = ""; VariantName = "[No Variations]"
Add component (AddParameter): Name = "ValueBOM"; Value = "VLMY1300-GS08"; VariantName = "[No Variations]"
Add component (AddParameter): Name = "ValueSCH"; Value = "Yellow"; VariantName = "[No Variations]"
Added Component: Designator=VD14(LED_0603)
Add component. Clean all parameters for all variants
Add component (AddParameter): Name = "Designer"; Value = "Losev"; VariantName = "[No Variations]"
Add component (AddParameter): Name = "EOL"; Value = "NO"; VariantName = "[No Variations]"
Add component (AddParameter): Name = "HelpURL"; Value = "Z:\LIB\ALTIUM\INFO\LED\vlmo1300-241412.pdf"; VariantName = "[No Variations]"
Add component (AddParameter): Name = "Manufacturer"; Value = "Vishay Semiconductors"; VariantName = "[No Variations]"
Add component (AddParameter): Name = "ModelIBIS"; Value = ""; VariantName = "[No Variations]"
Add component (AddParameter): Name = "ModelSPICE"; Value = ""; VariantName = "[No Variations]"
Add component (AddParameter): Name = "ModelSTEP"; Value = "Z:\LIB\ALTIUM\MODEL\STEP\LED\User Library-LED_0603_G.STEP"; VariantName = "[No Variations]"
Add component (AddParameter): Name = "Modify"; Value = "11.11.2016"; VariantName = "[No Variations]"
Add component (AddParameter): Name = "Mount"; Value = "SMT"; VariantName = "[No Variations]"
Add component (AddParameter): Name = "PartNumber"; Value = "VLMTG1300-GS08"; VariantName = "[No Variations]"
Add component (AddParameter): Name = "Staff"; Value = ""; VariantName = "[No Variations]"
Add component (AddParameter): Name = "ValueBOM"; Value = "VLMTG1300-GS08"; VariantName = "[No Variations]"
Add component (AddParameter): Name = "ValueSCH"; Value = "Green"; VariantName = "[No Variations]"
Added Pin To Net: NetName=GND Pin=C45-1
Added Pin To Net: NetName=NetC43_1 Pin=C45-2
Added Pin To Net: NetName=USART1_RTS Pin=DA5-3
Added Pin To Net: NetName=+3V3 Pin=DA5-4
Added Pin To Net: NetName=USART1_CTS Pin=DA5-11
Added Pin To Net: NetName=+3V3 Pin=R50-2
Added Pin To Net: NetName=JTAG_RST Pin=R55-1
Added Pin To Net: NetName=RESET Pin=R55-2
Added Pin To Net: NetName=+3V3 Pin=VD13-2
Added Pin To Net: NetName=+3V3 Pin=VD14-2
Added Pin To Net: NetName=NetC44_2 Pin=C44-2
Added Pin To Net: NetName=NetC44_2 Pin=DA5-17
Added Net: Name=NetC44_2
Added Pin To Net: NetName=NetR56_2 Pin=R56-2
Added Pin To Net: NetName=NetR56_2 Pin=VD13-1
Added Net: Name=NetR56_2
Added Pin To Net: NetName=NetR57_2 Pin=R57-2
Added Pin To Net: NetName=NetR57_2 Pin=VD14-1
Added Net: Name=NetR57_2
Added Pin To Net: NetName=RXLED Pin=DA5-22
Added Pin To Net: NetName=RXLED Pin=R56-1
Added Net: Name=RXLED
Added Pin To Net: NetName=TXLED Pin=DA5-23
Added Pin To Net: NetName=TXLED Pin=R57-1
Added Net: Name=TXLED
Added Member To Class: ClassName=Power_driver_MCU Member=Component C45 4,7u 16V
Added Member To Class: ClassName=Power_driver_MCU Member=Component R55 100 5%
Added Member To Class: ClassName=Power_driver_MCU Member=Component R56 270 5%
Added Member To Class: ClassName=Power_driver_MCU Member=Component R57 270 5%
Added Member To Class: ClassName=Power_driver_MCU Member=Component VD13 Yellow
Added Member To Class: ClassName=Power_driver_MCU Member=Component VD14 Green
