Added Component: Designator=XP1(PCI_EXP_36_EDGE_mod)
Add component. Clean all parameters for all variants
Added Pin To Net: NetName=+12V_IN Pin=XP1-A1
Added Pin To Net: NetName=GND Pin=XP1-A2
Added Pin To Net: NetName=+5V_IN Pin=XP1-A3
Added Pin To Net: NetName=GND Pin=XP1-A4
Added Pin To Net: NetName=+3,3V_IN Pin=XP1-A5
Added Pin To Net: NetName=GND Pin=XP1-A6
Added Pin To Net: NetName=SCLK_IN Pin=XP1-A7
Added Pin To Net: NetName=DIN_IN Pin=XP1-A9
Added Pin To Net: NetName=CS_IN Pin=XP1-A10
Added Pin To Net: NetName=GND Pin=XP1-A11
Added Pin To Net: NetName=+12V_IN Pin=XP1-B1
Added Pin To Net: NetName=GND Pin=XP1-B2
Added Pin To Net: NetName=+5V_IN Pin=XP1-B3
Added Pin To Net: NetName=GND Pin=XP1-B4
Added Pin To Net: NetName=+3,3V_IN Pin=XP1-B5
Added Pin To Net: NetName=GND Pin=XP1-B6
Added Pin To Net: NetName=NetR15_1 Pin=XP1-B7
Added Pin To Net: NetName=NetR16_1 Pin=XP1-B8
Added Pin To Net: NetName=NetR17_1 Pin=XP1-B9
Added Pin To Net: NetName=NetR18_1 Pin=XP1-B10
Added Pin To Net: NetName=GND Pin=XP1-B11
Added Member To Class: ClassName=Power_driver_power Member=Component XP1 
