Removed Pin From Net: NetName=VoutA Pin=C26-1
Removed Pin From Net: NetName=GND Pin=C26-2
Removed Pin From Net: NetName=VoutD Pin=C27-1
Removed Pin From Net: NetName=GND Pin=C27-2
Removed Pin From Net: NetName=VoutB Pin=C28-1
Removed Pin From Net: NetName=GND Pin=C28-2
Removed Pin From Net: NetName=VoutC Pin=C29-1
Removed Pin From Net: NetName=GND Pin=C29-2
Removed Pin From Net: NetName=RESET Pin=C34-1
Removed Pin From Net: NetName=GND Pin=C34-2
Removed Pin From Net: NetName=GND Pin=DD4-1
Removed Pin From Net: NetName=RESET Pin=DD4-2
Removed Pin From Net: NetName=+3V3 Pin=R9-1
Removed Pin From Net: NetName=SCL Pin=R9-2
Removed Pin From Net: NetName=+3V3 Pin=R10-1
Removed Pin From Net: NetName=SDA Pin=R10-2
Removed Pin From Net: NetName=+3V3 Pin=R11-1
Removed Pin From Net: NetName=JTAG_TMS Pin=R11-2
Removed Pin From Net: NetName=+3V3 Pin=R12-1
Removed Pin From Net: NetName=JTAG_TCK Pin=R12-2
Removed Pin From Net: NetName=+3V3 Pin=R13-1
Removed Pin From Net: NetName=JTAG_TDI Pin=R13-2
Removed Pin From Net: NetName=+3V3 Pin=R14-1
Removed Pin From Net: NetName=JTAG_TDO Pin=R14-2
Removed Pin From Net: NetName=+3V3 Pin=R15-1
Removed Pin From Net: NetName=JTAG_RST Pin=R15-2
Removed Pin From Net: NetName=GND Pin=R16-1
Removed Pin From Net: NetName=JTAG_RST Pin=R16-2
Removed Pin From Net: NetName=GND Pin=R19-1
Removed Pin From Net: NetName=RESET Pin=R19-2
Removed Pin From Net: NetName=GND Pin=R21-1
Removed Pin From Net: NetName=NetDA2_2 Pin=R21-2
Removed Pin From Net: NetName=GND Pin=R23-1
Removed Pin From Net: NetName=NetDA2_4 Pin=R23-2
Removed Pin From Net: NetName=GND Pin=R29-1
Removed Pin From Net: NetName=NetDA3_2 Pin=R29-2
Removed Pin From Net: NetName=GND Pin=R31-1
Removed Pin From Net: NetName=NetDA3_4 Pin=R31-2
Removed Pin From Net: NetName=+3V3 Pin=R36-1
Removed Pin From Net: NetName=CS2 Pin=R36-2
Removed Pin From Net: NetName=+3V3 Pin=R37-1
Removed Pin From Net: NetName=CLK2 Pin=R37-2
Removed Pin From Net: NetName=+3V3 Pin=R38-1
Removed Pin From Net: NetName=MOSI2 Pin=R38-2
Removed Pin From Net: NetName=GND Pin=R45-1
Removed Pin From Net: NetName=RESET Pin=R45-2
Removed Pin From Net: NetName=+3V3 Pin=R49-2
Removed Pin From Net: NetName=GND Pin=SA1-2
Removed Pin From Net: NetName=GND Pin=SA1-2
Removed Member From Class: ClassName=Power_driver_DAC_Connectors Member=C26
Removed Member From Class: ClassName=Power_driver_MCU Member=C34
Removed Member From Class: ClassName=Power_driver_MCU Member=DD4
Removed Member From Class: ClassName=Power_driver_power Member=R9
Removed Member From Class: ClassName=Power_driver_power Member=R10
Removed Member From Class: ClassName=Power_driver_power Member=R11
Removed Member From Class: ClassName=Power_driver_power Member=R12
Removed Member From Class: ClassName=Power_driver_power Member=R13
Removed Member From Class: ClassName=Power_driver_power Member=R14
Removed Member From Class: ClassName=Power_driver_power Member=R15
Removed Member From Class: ClassName=Power_driver_power Member=R16
Removed Member From Class: ClassName=Power_driver_power Member=R19
Removed Member From Class: ClassName=Power_driver_AMP Member=R21
Removed Member From Class: ClassName=Power_driver_AMP Member=R23
Removed Member From Class: ClassName=Power_driver_AMP Member=R29
Removed Member From Class: ClassName=Power_driver_DAC_Connectors Member=R36
Removed Member From Class: ClassName=Power_driver_DAC_Connectors Member=R37
Removed Member From Class: ClassName=Power_driver_DAC_Connectors Member=R38
Removed Member From Class: ClassName=Power_driver_MCU Member=R45
Removed Member From Class: ClassName=Power_driver_MCU Member=R49
Removed Member From Class: ClassName=Power_driver_MCU Member=SA1
Change Component DesignItemId : Designator=R5 Old DesignItemId=RC0603FR-073K32L New DesignItemId=RC0603JR-0710KL
Change Component DesignItemId : Designator=R6 Old DesignItemId=RC0603FR-073K32L New DesignItemId=RC0603JR-0710KL
Change Component DesignItemId : Designator=R39 Old DesignItemId=RC0603FR-073K32L New DesignItemId=RC0603JR-0710KL
Change Component DesignItemId : Designator=R40 Old DesignItemId=RC0603FR-073K32L New DesignItemId=RC0603JR-0710KL
Change Component DesignItemId : Designator=R41 Old DesignItemId=RC0603FR-073K32L New DesignItemId=RC0603JR-0710KL
Change Component Comment : Designator=R5 Old Comment=3,32k 1% New Comment=10k 5%
Change Component Comment : Designator=R6 Old Comment=3,32k 1% New Comment=10k 5%
Change Component Comment : Designator=R39 Old Comment=3,32k 1% New Comment=10k 5%
Change Component Comment : Designator=R40 Old Comment=3,32k 1% New Comment=10k 5%
Change Component Comment : Designator=R41 Old Comment=3,32k 1% New Comment=10k 5%
Change Component Comment : Designator=DD5 Old Comment==ValueSCH New Comment=STM32F373CCT6
Change component parameters: Designator = "R18"; Footprint = "R0603_RESC1608X06N"; UniqueID = "\PQMMXYOE"
Change component parameters. Clean all parameters for all variants
Change component parameters (AddParameter): Name = "Designer"; Value = "Dudarev"; VariantName = "[No Variations]"
Change component parameters (AddParameter): Name = "EOL"; Value = "NO"; VariantName = "[No Variations]"
Change component parameters (AddParameter): Name = "HelpURL"; Value = "Z:\LIB\ALTIUM\INFO\Resistor\YAGEO\Lead free chip resistors RC_P.pdf"; VariantName = "[No Variations]"
Change component parameters (AddParameter): Name = "Manufacturer"; Value = "YAGEO"; VariantName = "[No Variations]"
Change component parameters (AddParameter): Name = "ModelIBIS"; Value = ""; VariantName = "[No Variations]"
Change component parameters (AddParameter): Name = "ModelSPICE"; Value = ""; VariantName = "[No Variations]"
Change component parameters (AddParameter): Name = "ModelSTEP"; Value = "Z:\LIB\ALTIUM\MODEL\STEP\Resistor\R0603_RESC1005X04.step"; VariantName = "[No Variations]"
Change component parameters (AddParameter): Name = "Modify"; Value = "28.06.2016"; VariantName = "[No Variations]"
Change component parameters (AddParameter): Name = "Mount"; Value = "SMT"; VariantName = "[No Variations]"
Change component parameters (AddParameter): Name = "PartNumber"; Value = "RC0603FR-073K32L"; VariantName = "[No Variations]"
Change component parameters (AddParameter): Name = "Staff"; Value = ""; VariantName = "[No Variations]"
Change component parameters (AddParameter): Name = "ValueBOM"; Value = "3,32êÎì 1% 75Â 150ppm 0603"; VariantName = "[No Variations]"
Change component parameters (AddParameter): Name = "ValueSCH"; Value = "3,32k 1%"; VariantName = "[No Variations]"
Change component parameters: Designator = "R48"; Footprint = "R0603_RESC1608X06N"; UniqueID = "\ABXVSQJB"
Change component parameters. Clean all parameters for all variants
Change component parameters (AddParameter): Name = "Designer"; Value = "Dudarev"; VariantName = "[No Variations]"
Change component parameters (AddParameter): Name = "EOL"; Value = "NO"; VariantName = "[No Variations]"
Change component parameters (AddParameter): Name = "HelpURL"; Value = "Z:\LIB\ALTIUM\INFO\Resistor\YAGEO\Lead free chip resistors RC_P.pdf"; VariantName = "[No Variations]"
Change component parameters (AddParameter): Name = "Manufacturer"; Value = "YAGEO"; VariantName = "[No Variations]"
Change component parameters (AddParameter): Name = "ModelIBIS"; Value = ""; VariantName = "[No Variations]"
Change component parameters (AddParameter): Name = "ModelSPICE"; Value = ""; VariantName = "[No Variations]"
Change component parameters (AddParameter): Name = "ModelSTEP"; Value = "Z:\LIB\ALTIUM\MODEL\STEP\Resistor\R0603_RESC1005X04.step"; VariantName = "[No Variations]"
Change component parameters (AddParameter): Name = "Modify"; Value = "28.06.2016"; VariantName = "[No Variations]"
Change component parameters (AddParameter): Name = "Mount"; Value = "SMT"; VariantName = "[No Variations]"
Change component parameters (AddParameter): Name = "PartNumber"; Value = "RC0603JR-07100RL"; VariantName = "[No Variations]"
Change component parameters (AddParameter): Name = "Staff"; Value = ""; VariantName = "[No Variations]"
Change component parameters (AddParameter): Name = "ValueBOM"; Value = "100Îì 5% 75Â 200ppm 0603"; VariantName = "[No Variations]"
Change component parameters (AddParameter): Name = "ValueSCH"; Value = "100 5%"; VariantName = "[No Variations]"
Change component parameters: Designator = "R6"; Footprint = "R0603_RESC1608X06N"; UniqueID = "\SHBMLAUF"
Change component parameters. Clean all parameters for all variants
Change component parameters (AddParameter): Name = "Designer"; Value = "Dudarev"; VariantName = "[No Variations]"
Change component parameters (AddParameter): Name = "EOL"; Value = "NO"; VariantName = "[No Variations]"
Change component parameters (AddParameter): Name = "HelpURL"; Value = "Z:\LIB\ALTIUM\INFO\Resistor\YAGEO\Lead free chip resistors RC_P.pdf"; VariantName = "[No Variations]"
Change component parameters (AddParameter): Name = "Manufacturer"; Value = "YAGEO"; VariantName = "[No Variations]"
Change component parameters (AddParameter): Name = "ModelIBIS"; Value = ""; VariantName = "[No Variations]"
Change component parameters (AddParameter): Name = "ModelSPICE"; Value = ""; VariantName = "[No Variations]"
Change component parameters (AddParameter): Name = "ModelSTEP"; Value = "Z:\LIB\ALTIUM\MODEL\STEP\Resistor\R0603_RESC1005X04.step"; VariantName = "[No Variations]"
Change component parameters (AddParameter): Name = "Modify"; Value = "28.06.2016"; VariantName = "[No Variations]"
Change component parameters (AddParameter): Name = "Mount"; Value = "SMT"; VariantName = "[No Variations]"
Change component parameters (AddParameter): Name = "PartNumber"; Value = "RC0603JR-0710KL"; VariantName = "[No Variations]"
Change component parameters (AddParameter): Name = "Staff"; Value = "DNP"; VariantName = "[No Variations]"
Change component parameters (AddParameter): Name = "ValueBOM"; Value = "10êÎì 5% 75Â 150ppm 0603"; VariantName = "[No Variations]"
Change component parameters (AddParameter): Name = "ValueSCH"; Value = "10k 5%"; VariantName = "[No Variations]"
Change component parameters: Designator = "R5"; Footprint = "R0603_RESC1608X06N"; UniqueID = "\WUDKIKRM"
Change component parameters. Clean all parameters for all variants
Change component parameters (AddParameter): Name = "Designer"; Value = "Dudarev"; VariantName = "[No Variations]"
Change component parameters (AddParameter): Name = "EOL"; Value = "NO"; VariantName = "[No Variations]"
Change component parameters (AddParameter): Name = "HelpURL"; Value = "Z:\LIB\ALTIUM\INFO\Resistor\YAGEO\Lead free chip resistors RC_P.pdf"; VariantName = "[No Variations]"
Change component parameters (AddParameter): Name = "Manufacturer"; Value = "YAGEO"; VariantName = "[No Variations]"
Change component parameters (AddParameter): Name = "ModelIBIS"; Value = ""; VariantName = "[No Variations]"
Change component parameters (AddParameter): Name = "ModelSPICE"; Value = ""; VariantName = "[No Variations]"
Change component parameters (AddParameter): Name = "ModelSTEP"; Value = "Z:\LIB\ALTIUM\MODEL\STEP\Resistor\R0603_RESC1005X04.step"; VariantName = "[No Variations]"
Change component parameters (AddParameter): Name = "Modify"; Value = "28.06.2016"; VariantName = "[No Variations]"
Change component parameters (AddParameter): Name = "Mount"; Value = "SMT"; VariantName = "[No Variations]"
Change component parameters (AddParameter): Name = "PartNumber"; Value = "RC0603JR-0710KL"; VariantName = "[No Variations]"
Change component parameters (AddParameter): Name = "Staff"; Value = ""; VariantName = "[No Variations]"
Change component parameters (AddParameter): Name = "ValueBOM"; Value = "10êÎì 5% 75Â 150ppm 0603"; VariantName = "[No Variations]"
Change component parameters (AddParameter): Name = "ValueSCH"; Value = "10k 5%"; VariantName = "[No Variations]"
Change component parameters: Designator = "R39"; Footprint = "R0603_RESC1608X06N"; UniqueID = "\YFLOPDCW"
Change component parameters. Clean all parameters for all variants
Change component parameters (AddParameter): Name = "Designer"; Value = "Dudarev"; VariantName = "[No Variations]"
Change component parameters (AddParameter): Name = "EOL"; Value = "NO"; VariantName = "[No Variations]"
Change component parameters (AddParameter): Name = "HelpURL"; Value = "Z:\LIB\ALTIUM\INFO\Resistor\YAGEO\Lead free chip resistors RC_P.pdf"; VariantName = "[No Variations]"
Change component parameters (AddParameter): Name = "Manufacturer"; Value = "YAGEO"; VariantName = "[No Variations]"
Change component parameters (AddParameter): Name = "ModelIBIS"; Value = ""; VariantName = "[No Variations]"
Change component parameters (AddParameter): Name = "ModelSPICE"; Value = ""; VariantName = "[No Variations]"
Change component parameters (AddParameter): Name = "ModelSTEP"; Value = "Z:\LIB\ALTIUM\MODEL\STEP\Resistor\R0603_RESC1005X04.step"; VariantName = "[No Variations]"
Change component parameters (AddParameter): Name = "Modify"; Value = "28.06.2016"; VariantName = "[No Variations]"
Change component parameters (AddParameter): Name = "Mount"; Value = "SMT"; VariantName = "[No Variations]"
Change component parameters (AddParameter): Name = "PartNumber"; Value = "RC0603JR-0710KL"; VariantName = "[No Variations]"
Change component parameters (AddParameter): Name = "Staff"; Value = ""; VariantName = "[No Variations]"
Change component parameters (AddParameter): Name = "ValueBOM"; Value = "10êÎì 5% 75Â 150ppm 0603"; VariantName = "[No Variations]"
Change component parameters (AddParameter): Name = "ValueSCH"; Value = "10k 5%"; VariantName = "[No Variations]"
Change component parameters: Designator = "R40"; Footprint = "R0603_RESC1608X06N"; UniqueID = "\RXGVOIUQ"
Change component parameters. Clean all parameters for all variants
Change component parameters (AddParameter): Name = "Designer"; Value = "Dudarev"; VariantName = "[No Variations]"
Change component parameters (AddParameter): Name = "EOL"; Value = "NO"; VariantName = "[No Variations]"
Change component parameters (AddParameter): Name = "HelpURL"; Value = "Z:\LIB\ALTIUM\INFO\Resistor\YAGEO\Lead free chip resistors RC_P.pdf"; VariantName = "[No Variations]"
Change component parameters (AddParameter): Name = "Manufacturer"; Value = "YAGEO"; VariantName = "[No Variations]"
Change component parameters (AddParameter): Name = "ModelIBIS"; Value = ""; VariantName = "[No Variations]"
Change component parameters (AddParameter): Name = "ModelSPICE"; Value = ""; VariantName = "[No Variations]"
Change component parameters (AddParameter): Name = "ModelSTEP"; Value = "Z:\LIB\ALTIUM\MODEL\STEP\Resistor\R0603_RESC1005X04.step"; VariantName = "[No Variations]"
Change component parameters (AddParameter): Name = "Modify"; Value = "28.06.2016"; VariantName = "[No Variations]"
Change component parameters (AddParameter): Name = "Mount"; Value = "SMT"; VariantName = "[No Variations]"
Change component parameters (AddParameter): Name = "PartNumber"; Value = "RC0603JR-0710KL"; VariantName = "[No Variations]"
Change component parameters (AddParameter): Name = "Staff"; Value = ""; VariantName = "[No Variations]"
Change component parameters (AddParameter): Name = "ValueBOM"; Value = "10êÎì 5% 75Â 150ppm 0603"; VariantName = "[No Variations]"
Change component parameters (AddParameter): Name = "ValueSCH"; Value = "10k 5%"; VariantName = "[No Variations]"
Change component parameters: Designator = "R41"; Footprint = "R0603_RESC1608X06N"; UniqueID = "\ALQXBRCW"
Change component parameters. Clean all parameters for all variants
Change component parameters (AddParameter): Name = "Designer"; Value = "Dudarev"; VariantName = "[No Variations]"
Change component parameters (AddParameter): Name = "EOL"; Value = "NO"; VariantName = "[No Variations]"
Change component parameters (AddParameter): Name = "HelpURL"; Value = "Z:\LIB\ALTIUM\INFO\Resistor\YAGEO\Lead free chip resistors RC_P.pdf"; VariantName = "[No Variations]"
Change component parameters (AddParameter): Name = "Manufacturer"; Value = "YAGEO"; VariantName = "[No Variations]"
Change component parameters (AddParameter): Name = "ModelIBIS"; Value = ""; VariantName = "[No Variations]"
Change component parameters (AddParameter): Name = "ModelSPICE"; Value = ""; VariantName = "[No Variations]"
Change component parameters (AddParameter): Name = "ModelSTEP"; Value = "Z:\LIB\ALTIUM\MODEL\STEP\Resistor\R0603_RESC1005X04.step"; VariantName = "[No Variations]"
Change component parameters (AddParameter): Name = "Modify"; Value = "28.06.2016"; VariantName = "[No Variations]"
Change component parameters (AddParameter): Name = "Mount"; Value = "SMT"; VariantName = "[No Variations]"
Change component parameters (AddParameter): Name = "PartNumber"; Value = "RC0603JR-0710KL"; VariantName = "[No Variations]"
Change component parameters (AddParameter): Name = "Staff"; Value = ""; VariantName = "[No Variations]"
Change component parameters (AddParameter): Name = "ValueBOM"; Value = "10êÎì 5% 75Â 150ppm 0603"; VariantName = "[No Variations]"
Change component parameters (AddParameter): Name = "ValueSCH"; Value = "10k 5%"; VariantName = "[No Variations]"
Added Pin To Net: NetName=RESET Pin=VT1-3
Added Room: Name=Power_driver_AMP
Added Room: Name=Power_driver_DAC_Connectors
Added Room: Name=Power_driver_MCU
Added Room: Name=Power_driver_power
