Removed Pin From Net: NetName=GND Pin=C40-1
Removed Pin From Net: NetName=+3V3 Pin=C40-2
Removed Pin From Net: NetName=RESET Pin=C43-1
Removed Pin From Net: NetName=GND Pin=C43-2
Removed Pin From Net: NetName=GND Pin=DD4-12
Removed Pin From Net: NetName=+3V3 Pin=DD4-13
Removed Pin From Net: NetName=+3V3 Pin=DD4-19
Removed Pin From Net: NetName=CS Pin=DD4-20
Removed Pin From Net: NetName=CLK Pin=DD4-21
Removed Pin From Net: NetName=MISO Pin=DD4-22
Removed Pin From Net: NetName=MOSI Pin=DD4-23
Removed Pin From Net: NetName=GND Pin=DD4-31
Removed Pin From Net: NetName=GND Pin=DD4-32
Removed Pin From Net: NetName=CLK2 Pin=DD4-41
Removed Pin From Net: NetName=MISO2 Pin=DD4-42
Removed Pin From Net: NetName=MOSI2 Pin=DD4-43
Removed Pin From Net: NetName=CS2 Pin=DD4-44
Removed Pin From Net: NetName=JTAG_TMS Pin=DD4-46
Removed Pin From Net: NetName=JTAG_TCK Pin=DD4-49
Removed Pin From Net: NetName=JTAG_TDI Pin=DD4-50
Removed Pin From Net: NetName=JTAG_TDO Pin=DD4-55
Removed Pin From Net: NetName=JTAG_RST Pin=DD4-56
Removed Pin From Net: NetName=SCL Pin=DD4-58
Removed Pin From Net: NetName=SDA Pin=DD4-59
Removed Pin From Net: NetName=GND Pin=DD4-63
Removed Pin From Net: NetName=+3V3 Pin=DD4-64
Removed Pin From Net: NetName=GND Pin=X4-1
Removed Pin From Net: NetName=GND Pin=X4-3
Removed Pin From Net: NetName=JTAG_TMS Pin=X4-4
Removed Pin From Net: NetName=GND Pin=X4-5
Removed Pin From Net: NetName=JTAG_TCK Pin=X4-6
Removed Pin From Net: NetName=GND Pin=X4-7
Removed Pin From Net: NetName=JTAG_TDO Pin=X4-8
Removed Pin From Net: NetName=GND Pin=X4-9
Removed Pin From Net: NetName=JTAG_TDI Pin=X4-10
Removed Pin From Net: NetName=GND Pin=X4-11
Removed Pin From Net: NetName=JTAG_RST Pin=X4-12
Removed Pin From Net: NetName=GND Pin=X4-13
Removed Member From Class: ClassName=Power_driver_MCU Member=C43
Change Component Footprint: Designator=X4 Old Footprint=87832-1420 New Footprint=87832-0820
Change Component Footprint: Designator=DD4 Old Footprint=LQFP64_TSQFP50P1200X1200X160-64L New Footprint=LQFP48_TSQFP50P900X900X160-48L
Change Component Comment : Designator=C40 Old Comment=0,01u 50V New Comment=0,1u 50V
Change Component Comment : Designator=C36 Old Comment=0,1u 50V New Comment=1u 50V
Change Component Comment : Designator=C37 Old Comment=1u 50V New Comment=0,01u 50V
Change Component Comment : Designator=X4 Old Comment=87832-1420 New Comment=87832-0820
Change Component Comment : Designator=DD4 Old Comment=STM32F373RCT6 New Comment==ValueSCH
Change component parameters: Designator = "C36"; Footprint = "C0603_CAPC1608X09N"; UniqueID = "\WPCRPDSW"
Change component parameters. Clean all parameters for all variants
Change component parameters (AddParameter): Name = "Designer"; Value = "Dudarev"; VariantName = "[No Variations]"
Change component parameters (AddParameter): Name = "EOL"; Value = "NO"; VariantName = "[No Variations]"
Change component parameters (AddParameter): Name = "HelpURL"; Value = "Z:\LIB\ALTIUM\INFO\Capacitor\UPY-GPHC_X7R_6.3V-to-50V_13.pdf"; VariantName = "[No Variations]"
Change component parameters (AddParameter): Name = "Manufacturer"; Value = "YAGEO"; VariantName = "[No Variations]"
Change component parameters (AddParameter): Name = "ModelIBIS"; Value = ""; VariantName = "[No Variations]"
Change component parameters (AddParameter): Name = "ModelSPICE"; Value = ""; VariantName = "[No Variations]"
Change component parameters (AddParameter): Name = "ModelSTEP"; Value = "Z:\LIB\ALTIUM\MODEL\STEP\Capacitor\C0603_CAPC1608X09.Step"; VariantName = "[No Variations]"
Change component parameters (AddParameter): Name = "Modify"; Value = "28.06.2016"; VariantName = "[No Variations]"
Change component parameters (AddParameter): Name = "Mount"; Value = "SMT"; VariantName = "[No Variations]"
Change component parameters (AddParameter): Name = "PartNumber"; Value = "CC0603KRX7R9BB105"; VariantName = "[No Variations]"
Change component parameters (AddParameter): Name = "Staff"; Value = ""; VariantName = "[No Variations]"
Change component parameters (AddParameter): Name = "ValueBOM"; Value = "1ìêÔ ±10% 50Â X7R 0603"; VariantName = "[No Variations]"
Change component parameters (AddParameter): Name = "ValueSCH"; Value = "1u 50V"; VariantName = "[No Variations]"
Change component parameters: Designator = "C37"; Footprint = "C0603_CAPC1608X09N"; UniqueID = "\WLQPJVIQ"
Change component parameters. Clean all parameters for all variants
Change component parameters (AddParameter): Name = "Designer"; Value = "Dudarev"; VariantName = "[No Variations]"
Change component parameters (AddParameter): Name = "EOL"; Value = "NO"; VariantName = "[No Variations]"
Change component parameters (AddParameter): Name = "HelpURL"; Value = "Z:\LIB\ALTIUM\INFO\Capacitor\UPY-GPHC_X7R_6.3V-to-50V_13.pdf"; VariantName = "[No Variations]"
Change component parameters (AddParameter): Name = "Manufacturer"; Value = "YAGEO"; VariantName = "[No Variations]"
Change component parameters (AddParameter): Name = "ModelIBIS"; Value = ""; VariantName = "[No Variations]"
Change component parameters (AddParameter): Name = "ModelSPICE"; Value = ""; VariantName = "[No Variations]"
Change component parameters (AddParameter): Name = "ModelSTEP"; Value = "Z:\LIB\ALTIUM\MODEL\STEP\Capacitor\C0603_CAPC1608X09.Step"; VariantName = "[No Variations]"
Change component parameters (AddParameter): Name = "Modify"; Value = "28.06.2016"; VariantName = "[No Variations]"
Change component parameters (AddParameter): Name = "Mount"; Value = "SMT"; VariantName = "[No Variations]"
Change component parameters (AddParameter): Name = "PartNumber"; Value = "CC0603KRX7R9BB103"; VariantName = "[No Variations]"
Change component parameters (AddParameter): Name = "Staff"; Value = ""; VariantName = "[No Variations]"
Change component parameters (AddParameter): Name = "ValueBOM"; Value = "0,01ìêÔ ±10% 50Â X7R 0603"; VariantName = "[No Variations]"
Change component parameters (AddParameter): Name = "ValueSCH"; Value = "0,01u 50V"; VariantName = "[No Variations]"
Change component parameters: Designator = "C40"; Footprint = "C0603_CAPC1608X09N"; UniqueID = "\NMXVJFRL"
Change component parameters. Clean all parameters for all variants
Change component parameters (AddParameter): Name = "Designer"; Value = "Dudarev"; VariantName = "[No Variations]"
Change component parameters (AddParameter): Name = "EOL"; Value = "NO"; VariantName = "[No Variations]"
Change component parameters (AddParameter): Name = "HelpURL"; Value = "Z:\LIB\ALTIUM\INFO\Capacitor\UPY-GPHC_X7R_6.3V-to-50V_13.pdf"; VariantName = "[No Variations]"
Change component parameters (AddParameter): Name = "Manufacturer"; Value = "YAGEO"; VariantName = "[No Variations]"
Change component parameters (AddParameter): Name = "ModelIBIS"; Value = ""; VariantName = "[No Variations]"
Change component parameters (AddParameter): Name = "ModelSPICE"; Value = ""; VariantName = "[No Variations]"
Change component parameters (AddParameter): Name = "ModelSTEP"; Value = "Z:\LIB\ALTIUM\MODEL\STEP\Capacitor\C0603_CAPC1608X09.Step"; VariantName = "[No Variations]"
Change component parameters (AddParameter): Name = "Modify"; Value = "28.06.2016"; VariantName = "[No Variations]"
Change component parameters (AddParameter): Name = "Mount"; Value = "SMT"; VariantName = "[No Variations]"
Change component parameters (AddParameter): Name = "PartNumber"; Value = "CC0603KRX7R9BB104"; VariantName = "[No Variations]"
Change component parameters (AddParameter): Name = "Staff"; Value = ""; VariantName = "[No Variations]"
Change component parameters (AddParameter): Name = "ValueBOM"; Value = "0,1ìêÔ ±10% 50Â X7R 0603"; VariantName = "[No Variations]"
Change component parameters (AddParameter): Name = "ValueSCH"; Value = "0,1u 50V"; VariantName = "[No Variations]"
Change component parameters: Designator = "X4"; Footprint = "87832-0820"; UniqueID = "\VLPCLHSN"
Change component parameters. Clean all parameters for all variants
Change component parameters (AddParameter): Name = "Designer"; Value = "Pashinskiy"; VariantName = "[No Variations]"
Change component parameters (AddParameter): Name = "EOL"; Value = "NO"; VariantName = "[No Variations]"
Change component parameters (AddParameter): Name = "HelpURL"; Value = "Z:\LIB\ALTIUM\INFO\Connector_IDC\87832xxxx.pdf"; VariantName = "[No Variations]"
Change component parameters (AddParameter): Name = "Manufacturer"; Value = "Molex"; VariantName = "[No Variations]"
Change component parameters (AddParameter): Name = "ModelIBIS"; Value = ""; VariantName = "[No Variations]"
Change component parameters (AddParameter): Name = "ModelSPICE"; Value = ""; VariantName = "[No Variations]"
Change component parameters (AddParameter): Name = "ModelSTEP"; Value = "Z:\LIB\ALTIUM\MODEL\STEP\Connector_IDC\878320820.step"; VariantName = "[No Variations]"
Change component parameters (AddParameter): Name = "Modify"; Value = "11.04.2017"; VariantName = "[No Variations]"
Change component parameters (AddParameter): Name = "Mount"; Value = "SMT"; VariantName = "[No Variations]"
Change component parameters (AddParameter): Name = "PartNumber"; Value = "87832-0820"; VariantName = "[No Variations]"
Change component parameters (AddParameter): Name = "Staff"; Value = ""; VariantName = "[No Variations]"
Change component parameters (AddParameter): Name = "ValueBOM"; Value = "87832-0820"; VariantName = "[No Variations]"
Change component parameters (AddParameter): Name = "ValueSCH"; Value = "87832-0820"; VariantName = "[No Variations]"
Added Pin To Net: NetName=+3V3 Pin=C36-2
Added Pin To Net: NetName=RESET Pin=C40-1
Added Pin To Net: NetName=GND Pin=C40-2
Added Pin To Net: NetName=GND Pin=DD4-8
Added Pin To Net: NetName=+3V3 Pin=DD4-9
Added Pin To Net: NetName=MOSI Pin=DD4-13
Added Pin To Net: NetName=CS Pin=DD4-14
Added Pin To Net: NetName=CLK Pin=DD4-15
Added Pin To Net: NetName=MISO Pin=DD4-16
Added Pin To Net: NetName=+3V3 Pin=DD4-17
Added Pin To Net: NetName=GND Pin=DD4-23
Added Pin To Net: NetName=+3V3 Pin=DD4-24
Added Pin To Net: NetName=+3V3 Pin=DD4-25
Added Pin To Net: NetName=MISO2 Pin=DD4-26
Added Pin To Net: NetName=MOSI2 Pin=DD4-27
Added Pin To Net: NetName=JTAG_TMS Pin=DD4-34
Added Pin To Net: NetName=JTAG_TCK Pin=DD4-37
Added Pin To Net: NetName=JTAG_TDI Pin=DD4-38
Added Pin To Net: NetName=JTAG_TDO Pin=DD4-39
Added Pin To Net: NetName=JTAG_RST Pin=DD4-40
Added Pin To Net: NetName=CLK2 Pin=DD4-45
Added Pin To Net: NetName=CS2 Pin=DD4-46
Added Pin To Net: NetName=GND Pin=DD4-47
Added Pin To Net: NetName=+3V3 Pin=DD4-48
Added Pin To Net: NetName=+3V3 Pin=X4-1
Added Pin To Net: NetName=GND Pin=X4-2
Added Pin To Net: NetName=JTAG_TMS Pin=X4-3
Added Pin To Net: NetName=JTAG_TCK Pin=X4-4
Added Pin To Net: NetName=JTAG_TDO Pin=X4-5
Added Pin To Net: NetName=JTAG_TDI Pin=X4-6
Added Pin To Net: NetName=JTAG_RST Pin=X4-7
Added Pin To Net: NetName=GND Pin=X4-8
Added Pin To Net: NetName=NetDD4_19 Pin=DD4-19
Added Pin To Net: NetName=NetDD4_19 Pin=R45-1
Added Net: Name=NetDD4_19
Added Pin To Net: NetName=NetDD4_44 Pin=DD4-44
Added Pin To Net: NetName=NetDD4_44 Pin=R43-2
Added Pin To Net: NetName=NetDD4_44 Pin=R44-2
Added Net: Name=NetDD4_44
Added Pin To Net: NetName=USART1_CTS Pin=DD4-32
Added Net: Name=USART1_CTS
Added Pin To Net: NetName=USART1_RTS Pin=DD4-33
Added Net: Name=USART1_RTS
Added Pin To Net: NetName=USART1_RX Pin=DD4-31
Added Net: Name=USART1_RX
Added Pin To Net: NetName=USART1_TX Pin=DD4-30
Added Net: Name=USART1_TX
