Removed Pin From Net: NetName=+3V3 Pin=SA1-1
Removed Pin From Net: NetName=NetC35_1 Pin=SA1-2
Removed Member From Class: ClassName=Power_driver_power Member=C17
Removed Member From Class: ClassName=Power_driver_MCU Member=SA1
Change Component Designator: OldDesignator=R42 NewDesignator=R43
Change Component Designator: OldDesignator=R43 NewDesignator=R44
Added Component: Designator=R42(R0603_RESC1608X06N)
Add component. Clean all parameters for all variants
Add component (AddParameter): Name = "Designer"; Value = "Dudarev"; VariantName = "[No Variations]"
Add component (AddParameter): Name = "EOL"; Value = "NO"; VariantName = "[No Variations]"
Add component (AddParameter): Name = "HelpURL"; Value = "Z:\LIB\ALTIUM\INFO\Resistor\YAGEO\Lead free chip resistors RC_P.pdf"; VariantName = "[No Variations]"
Add component (AddParameter): Name = "Manufacturer"; Value = "YAGEO"; VariantName = "[No Variations]"
Add component (AddParameter): Name = "ModelIBIS"; Value = ""; VariantName = "[No Variations]"
Add component (AddParameter): Name = "ModelSPICE"; Value = ""; VariantName = "[No Variations]"
Add component (AddParameter): Name = "ModelSTEP"; Value = "Z:\LIB\ALTIUM\MODEL\STEP\Resistor\R0603_RESC1005X04.step"; VariantName = "[No Variations]"
Add component (AddParameter): Name = "Modify"; Value = "28.06.2016"; VariantName = "[No Variations]"
Add component (AddParameter): Name = "Mount"; Value = "SMT"; VariantName = "[No Variations]"
Add component (AddParameter): Name = "PartNumber"; Value = "RC0603JR-07100RL"; VariantName = "[No Variations]"
Add component (AddParameter): Name = "Staff"; Value = "DNP"; VariantName = "[No Variations]"
Add component (AddParameter): Name = "ValueBOM"; Value = "100Îì 5% 75Â 200ppm 0603"; VariantName = "[No Variations]"
Add component (AddParameter): Name = "ValueSCH"; Value = "100 5%"; VariantName = "[No Variations]"
Added Pin To Net: NetName=GND Pin=DA1-9
Added Pin To Net: NetName=MOSI Pin=DA1-11
Added Pin To Net: NetName=CS Pin=DA1-12
Added Pin To Net: NetName=MISO Pin=DA1-13
Added Pin To Net: NetName=CLK Pin=DA1-14
Added Pin To Net: NetName=GND Pin=DA1-15
Added Pin To Net: NetName=+3,3V Pin=DA1-16
Added Pin To Net: NetName=+3V3 Pin=R42-1
Added Pin To Net: NetName=NetC35_1 Pin=R42-2
Added Pin To Net: NetName=NetDA1_10 Pin=DA1-10
Added Pin To Net: NetName=NetDA1_10 Pin=R17-2
Added Net: Name=NetDA1_10
Added Member To Class: ClassName=Power_driver_MCU Member=Component R44 10k 5%
