Removed Pin From Net: NetName=GND Pin=VD9-1
Removed Pin From Net: NetName=CS_IN Pin=VD9-2
Removed Pin From Net: NetName=GND Pin=VD10-1
Removed Pin From Net: NetName=SCLK_IN Pin=VD10-2
Removed Pin From Net: NetName=GND Pin=VD11-1
Removed Pin From Net: NetName=DIN_IN Pin=VD11-2
Removed Member From Class: ClassName=Power_driver_MCU Member=R46
Removed Member From Class: ClassName=Power_driver_DAC_Connectors Member=VD10
Removed Member From Class: ClassName=Power_driver_DAC_Connectors Member=VD11
Change Component Footprint: Designator=VD9 Old Footprint=DFN1006_DFN65P100X40-2N New Footprint=SOT23_SOT95P237X110-3N
Change Component Comment : Designator=VD9 Old Comment=LXES1UTAA1-157 New Comment=PESD5V2S2UT
Change Component Designator: OldDesignator=C33 NewDesignator=C35
Change Component Designator: OldDesignator=C34 NewDesignator=C36
Change Component Designator: OldDesignator=C35 NewDesignator=C37
Change Component Designator: OldDesignator=C36 NewDesignator=C33
Change Component Designator: OldDesignator=C37 NewDesignator=C38
Change Component Designator: OldDesignator=C38 NewDesignator=C39
Change Component Designator: OldDesignator=C39 NewDesignator=C40
Change Component Designator: OldDesignator=C40 NewDesignator=C34
Change Component Designator: OldDesignator=C43 NewDesignator=C44
Change Component Designator: OldDesignator=C44 NewDesignator=C43
Change Component Designator: OldDesignator=DD4 NewDesignator=DD5
Change Component Designator: OldDesignator=DD5 NewDesignator=DD4
Change Component Designator: OldDesignator=R42 NewDesignator=R44
Change Component Designator: OldDesignator=R43 NewDesignator=R46
Change Component Designator: OldDesignator=R44 NewDesignator=R47
Change Component Designator: OldDesignator=R45 NewDesignator=R50
Change Component Designator: OldDesignator=R46 NewDesignator=R45
Change Component Designator: OldDesignator=R47 NewDesignator=R49
Change Component Designator: OldDesignator=R48 NewDesignator=R42
Change Component Designator: OldDesignator=R49 NewDesignator=R43
Change Component Designator: OldDesignator=R50 NewDesignator=R51
Change Component Designator: OldDesignator=R51 NewDesignator=R56
Change Component Designator: OldDesignator=R52 NewDesignator=R57
Change Component Designator: OldDesignator=R53 NewDesignator=R54
Change Component Designator: OldDesignator=R54 NewDesignator=R55
Change Component Designator: OldDesignator=R55 NewDesignator=R48
Change Component Designator: OldDesignator=R56 NewDesignator=R52
Change Component Designator: OldDesignator=R57 NewDesignator=R53
Change Component Designator: OldDesignator=VD12 NewDesignator=VD10
Change Component Designator: OldDesignator=VD13 NewDesignator=VD11
Change Component Designator: OldDesignator=VD14 NewDesignator=VD12
Change Component Designator: OldDesignator=X3 NewDesignator=X4
Change Component Designator: OldDesignator=X4 NewDesignator=X3
Change component parameters: Designator = "VD9"; Footprint = "SOT23_SOT95P237X110-3N"; UniqueID = "\PHWRWSDV"
Change component parameters. Clean all parameters for all variants
Change component parameters (AddParameter): Name = "Designer"; Value = "Dudarev"; VariantName = "[No Variations]"
Change component parameters (AddParameter): Name = "EOL"; Value = "NO"; VariantName = "[No Variations]"
Change component parameters (AddParameter): Name = "HelpURL"; Value = "Z:\LIB\ALTIUM\INFO\Suppressor\PESDXS2UT_SERIES.pdf"; VariantName = "[No Variations]"
Change component parameters (AddParameter): Name = "Manufacturer"; Value = "NXP"; VariantName = "[No Variations]"
Change component parameters (AddParameter): Name = "ModelIBIS"; Value = ""; VariantName = "[No Variations]"
Change component parameters (AddParameter): Name = "ModelSPICE"; Value = ""; VariantName = "[No Variations]"
Change component parameters (AddParameter): Name = "ModelSTEP"; Value = "Z:\LIB\ALTIUM\MODEL\STEP\IC_SO\SOT23_SOT95P280X145-6.Step"; VariantName = "[No Variations]"
Change component parameters (AddParameter): Name = "Modify"; Value = "28.06.2016"; VariantName = "[No Variations]"
Change component parameters (AddParameter): Name = "Mount"; Value = "SMT"; VariantName = "[No Variations]"
Change component parameters (AddParameter): Name = "PartNumber"; Value = "PESD5V2S2UT"; VariantName = "[No Variations]"
Change component parameters (AddParameter): Name = "Staff"; Value = ""; VariantName = "[No Variations]"
Change component parameters (AddParameter): Name = "ValueBOM"; Value = "PESD5V2S2UT"; VariantName = "[No Variations]"
Change component parameters (AddParameter): Name = "ValueSCH"; Value = "PESD5V2S2UT"; VariantName = "[No Variations]"
Added Pin To Net: NetName=GND Pin=VD9-3
Change Net Name : Old Net Name=NetC35_1 New Net Name=NetC37_1
Change Net Name : Old Net Name=NetC43_1 New Net Name=NetC44_1
Change Net Name : Old Net Name=NetC44_2 New Net Name=NetC43_2
Change Net Name : Old Net Name=NetDD4_19 New Net Name=NetDD5_19
Change Net Name : Old Net Name=NetDD4_44 New Net Name=NetDD5_44
Change Net Name : Old Net Name=NetDD5_3 New Net Name=NetDD4_3
Change Net Name : Old Net Name=NetR45_2 New Net Name=NetR50_2
Change Net Name : Old Net Name=NetR56_2 New Net Name=NetR52_2
Change Net Name : Old Net Name=NetR57_2 New Net Name=NetR53_2
Added Pin To Net: NetName=NetR42_2 Pin=R42-2
Added Pin To Net: NetName=NetR42_2 Pin=VD9-1
Added Pin To Net: NetName=NetR42_2 Pin=XS3-2
Added Net: Name=NetR42_2
Added Pin To Net: NetName=NetR43_2 Pin=R43-2
Added Pin To Net: NetName=NetR43_2 Pin=VD9-2
Added Pin To Net: NetName=NetR43_2 Pin=XS3-3
Added Net: Name=NetR43_2
Added Member To Class: ClassName=Power_driver_MCU Member=Component R55 10k 5%
