Added Component: Designator=C46(C0603_CAPC1608X09N)
Add component. Clean all parameters for all variants
Add component (AddParameter): Name = "Designer"; Value = "Dudarev"; VariantName = "[No Variations]"
Add component (AddParameter): Name = "EOL"; Value = "NO"; VariantName = "[No Variations]"
Add component (AddParameter): Name = "HelpURL"; Value = "Z:\LIB\ALTIUM\INFO\Capacitor\UPY-GPHC_X7R_6.3V-to-50V_13.pdf"; VariantName = "[No Variations]"
Add component (AddParameter): Name = "Manufacturer"; Value = "YAGEO"; VariantName = "[No Variations]"
Add component (AddParameter): Name = "ModelIBIS"; Value = ""; VariantName = "[No Variations]"
Add component (AddParameter): Name = "ModelSPICE"; Value = ""; VariantName = "[No Variations]"
Add component (AddParameter): Name = "ModelSTEP"; Value = "Z:\LIB\ALTIUM\MODEL\STEP\Capacitor\C0603_CAPC1608X09.Step"; VariantName = "[No Variations]"
Add component (AddParameter): Name = "Modify"; Value = "28.06.2016"; VariantName = "[No Variations]"
Add component (AddParameter): Name = "Mount"; Value = "SMT"; VariantName = "[No Variations]"
Add component (AddParameter): Name = "PartNumber"; Value = "CC0603KRX7R9BB103"; VariantName = "[No Variations]"
Add component (AddParameter): Name = "Staff"; Value = ""; VariantName = "[No Variations]"
Add component (AddParameter): Name = "ValueBOM"; Value = "0,01ìêÔ ±10% 50Â X7R 0603"; VariantName = "[No Variations]"
Add component (AddParameter): Name = "ValueSCH"; Value = "0,01u 50V"; VariantName = "[No Variations]"
Added Component: Designator=C47(C0603_CAPC1608X09N)
Add component. Clean all parameters for all variants
Add component (AddParameter): Name = "Designer"; Value = "Dudarev"; VariantName = "[No Variations]"
Add component (AddParameter): Name = "EOL"; Value = "NO"; VariantName = "[No Variations]"
Add component (AddParameter): Name = "HelpURL"; Value = "Z:\LIB\ALTIUM\INFO\Capacitor\UPY-GPHC_X7R_6.3V-to-50V_13.pdf"; VariantName = "[No Variations]"
Add component (AddParameter): Name = "Manufacturer"; Value = "YAGEO"; VariantName = "[No Variations]"
Add component (AddParameter): Name = "ModelIBIS"; Value = ""; VariantName = "[No Variations]"
Add component (AddParameter): Name = "ModelSPICE"; Value = ""; VariantName = "[No Variations]"
Add component (AddParameter): Name = "ModelSTEP"; Value = "Z:\LIB\ALTIUM\MODEL\STEP\Capacitor\C0603_CAPC1608X09.Step"; VariantName = "[No Variations]"
Add component (AddParameter): Name = "Modify"; Value = "28.06.2016"; VariantName = "[No Variations]"
Add component (AddParameter): Name = "Mount"; Value = "SMT"; VariantName = "[No Variations]"
Add component (AddParameter): Name = "PartNumber"; Value = "CC0603KRX7R9BB103"; VariantName = "[No Variations]"
Add component (AddParameter): Name = "Staff"; Value = ""; VariantName = "[No Variations]"
Add component (AddParameter): Name = "ValueBOM"; Value = "0,01ìêÔ ±10% 50Â X7R 0603"; VariantName = "[No Variations]"
Add component (AddParameter): Name = "ValueSCH"; Value = "0,01u 50V"; VariantName = "[No Variations]"
Added Pin To Net: NetName=+3,3V Pin=C46-1
Added Pin To Net: NetName=GND Pin=C46-2
Added Pin To Net: NetName=+3,3V Pin=C47-1
Added Pin To Net: NetName=GND Pin=C47-2
Added Member To Class: ClassName=Power_driver_power Member=Component C46 0,01u 50V
Added Member To Class: ClassName=Power_driver_power Member=Component C47 0,01u 50V
