Removed Pin From Net: NetName=GND Pin=C43-1
Removed Pin From Net: NetName=GND Pin=C44-2
Removed Pin From Net: NetName=GND Pin=C45-1
Removed Pin From Net: NetName=+3V3 Pin=C48-1
Removed Pin From Net: NetName=GND Pin=C48-2
Removed Pin From Net: NetName=USART1_TX Pin=DA5-1
Removed Pin From Net: NetName=USART1_RTS Pin=DA5-3
Removed Pin From Net: NetName=+3V3 Pin=DA5-4
Removed Pin From Net: NetName=USART1_RX Pin=DA5-5
Removed Pin From Net: NetName=GND Pin=DA5-7
Removed Pin From Net: NetName=USART1_CTS Pin=DA5-11
Removed Pin From Net: NetName=GND Pin=DA5-18
Removed Pin From Net: NetName=GND Pin=DA5-21
Removed Pin From Net: NetName=RXLED Pin=DA5-22
Removed Pin From Net: NetName=TXLED Pin=DA5-23
Removed Pin From Net: NetName=GND Pin=DA5-25
Removed Pin From Net: NetName=GND Pin=DA5-26
Removed Pin From Net: NetName=+3V3 Pin=R51-2
Removed Pin From Net: NetName=GND Pin=R55-1
Removed Pin From Net: NetName=+5V Pin=R57-2
Removed Pin From Net: NetName=GND Pin=VD9-3
Removed Pin From Net: NetName=GND Pin=XS3-5
Removed Member From Class: ClassName=Power_driver_MCU Member=C43
Removed Member From Class: ClassName=Power_driver_MCU Member=C44
Removed Member From Class: ClassName=Power_driver_MCU Member=C45
Removed Member From Class: ClassName=Power_driver_MCU Member=C48
Removed Member From Class: ClassName=Power_driver_MCU Member=DA5
Removed Member From Class: ClassName=Power_driver_DAC_Connectors Member=L8
Removed Member From Class: ClassName=Power_driver_DAC_Connectors Member=R42
Removed Member From Class: ClassName=Power_driver_DAC_Connectors Member=R43
Removed Member From Class: ClassName=Power_driver_MCU Member=R51
Removed Member From Class: ClassName=Power_driver_MCU Member=R54
Removed Member From Class: ClassName=Power_driver_MCU Member=R55
Removed Member From Class: ClassName=Power_driver_MCU Member=R56
Removed Member From Class: ClassName=Power_driver_MCU Member=R57
Removed Member From Class: ClassName=Power_driver_DAC_Connectors Member=VD9
